0 info it worked if it ends with ok
1 verbose cli [ '/Users/ohusband/.nvm/v5.10.1/bin/node',
1 verbose cli   '/Users/ohusband/.nvm/v5.10.1/bin/npm',
1 verbose cli   'start' ]
2 info using npm@3.8.3
3 info using node@v5.10.1
4 verbose run-script [ 'prestart', 'start', 'poststart' ]
5 info lifecycle twitter-service@0.0.0~prestart: twitter-service@0.0.0
6 silly lifecycle twitter-service@0.0.0~prestart: no script for prestart, continuing
7 info lifecycle twitter-service@0.0.0~start: twitter-service@0.0.0
8 verbose lifecycle twitter-service@0.0.0~start: unsafe-perm in lifecycle true
9 verbose lifecycle twitter-service@0.0.0~start: PATH: /Users/ohusband/.nvm/v5.10.1/lib/node_modules/npm/bin/node-gyp-bin:/Users/ohusband/twitter-service/node_modules/.bin:/Users/ohusband/.nvm/v5.10.1/bin:/Users/ohusband/.nvm/v5.10.1/bin:/Users/ohusband/homebrew/bin:/usr/local/bin:/usr/bin:/bin:/usr/sbin:/sbin:/Users/ohusband/.rvm/bin
10 verbose lifecycle twitter-service@0.0.0~start: CWD: /Users/ohusband/twitter-service
11 silly lifecycle twitter-service@0.0.0~start: Args: [ '-c', './node_modules/bin/nodemon index.js' ]
12 info lifecycle twitter-service@0.0.0~start: Failed to exec start script
13 verbose stack Error: twitter-service@0.0.0 start: `./node_modules/bin/nodemon index.js`
13 verbose stack spawn ENOENT
13 verbose stack     at ChildProcess.<anonymous> (/Users/ohusband/.nvm/v5.10.1/lib/node_modules/npm/lib/utils/spawn.js:17:16)
13 verbose stack     at emitTwo (events.js:100:13)
13 verbose stack     at ChildProcess.emit (events.js:185:7)
13 verbose stack     at maybeClose (internal/child_process.js:850:16)
13 verbose stack     at Process.ChildProcess._handle.onexit (internal/child_process.js:215:5)
14 verbose pkgid twitter-service@0.0.0
15 verbose cwd /Users/ohusband/twitter-service
16 error Darwin 15.4.0
17 error argv "/Users/ohusband/.nvm/v5.10.1/bin/node" "/Users/ohusband/.nvm/v5.10.1/bin/npm" "start"
18 error node v5.10.1
19 error npm  v3.8.3
20 error file sh
21 error code ELIFECYCLE
22 error errno ENOENT
23 error syscall spawn
24 error twitter-service@0.0.0 start: `./node_modules/bin/nodemon index.js`
24 error spawn ENOENT
25 error Failed at the twitter-service@0.0.0 start script './node_modules/bin/nodemon index.js'.
25 error Make sure you have the latest version of node.js and npm installed.
25 error If you do, this is most likely a problem with the twitter-service package,
25 error not with npm itself.
25 error Tell the author that this fails on your system:
25 error     ./node_modules/bin/nodemon index.js
25 error You can get information on how to open an issue for this project with:
25 error     npm bugs twitter-service
25 error Or if that isn't available, you can get their info via:
25 error     npm owner ls twitter-service
25 error There is likely additional logging output above.
26 verbose exit [ 1, true ]
